<?xml version="1.0" encoding="UTF-8"?>
<testng-results ignored="0" total="1" passed="1" failed="0" skipped="0">
  <reporter-output>
    <line>
      <![CDATA[i am verfying name]]>
    </line>
    <line>
      <![CDATA[i closed the app]]>
    </line>
    <line>
      <![CDATA[i am closing browser]]>
    </line>
  </reporter-output>
  <suite started-at="2022-09-07T17:11:54 IST" name="Default suite" finished-at="2022-09-07T17:12:01 IST" duration-ms="7444">
    <groups>
    </groups>
    <test started-at="2022-09-07T17:11:54 IST" name="Default test" finished-at="2022-09-07T17:12:01 IST" duration-ms="7444">
      <class name="amazonTest.TestClass">
        <test-method is-config="true" signature="openbrowser()[pri:0, instance:amazonTest.TestClass@4b45a2f5]" started-at="2022-09-07T17:11:54 IST" name="openbrowser" finished-at="2022-09-07T17:11:57 IST" duration-ms="3170" status="PASS">
          <reporter-output>
          </reporter-output>
        </test-method> <!-- openbrowser -->
        <test-method is-config="true" signature="loginapp()[pri:0, instance:amazonTest.TestClass@4b45a2f5]" started-at="2022-09-07T17:11:57 IST" name="loginapp" finished-at="2022-09-07T17:11:59 IST" duration-ms="1821" status="PASS">
          <reporter-output>
          </reporter-output>
        </test-method> <!-- loginapp -->
        <test-method signature="verifyname()[pri:0, instance:amazonTest.TestClass@4b45a2f5]" started-at="2022-09-07T17:11:59 IST" name="verifyname" finished-at="2022-09-07T17:12:01 IST" duration-ms="2391" status="PASS">
          <reporter-output>
            <line>
              <![CDATA[i am verfying name]]>
            </line>
          </reporter-output>
        </test-method> <!-- verifyname -->
        <test-method is-config="true" signature="closeApp()[pri:0, instance:amazonTest.TestClass@4b45a2f5]" started-at="2022-09-07T17:12:01 IST" name="closeApp" finished-at="2022-09-07T17:12:01 IST" duration-ms="1" status="PASS">
          <reporter-output>
            <line>
              <![CDATA[i closed the app]]>
            </line>
          </reporter-output>
        </test-method> <!-- closeApp -->
        <test-method is-config="true" signature="closeBrowser()[pri:0, instance:amazonTest.TestClass@4b45a2f5]" started-at="2022-09-07T17:12:01 IST" name="closeBrowser" finished-at="2022-09-07T17:12:01 IST" duration-ms="0" status="PASS">
          <reporter-output>
            <line>
              <![CDATA[i am closing browser]]>
            </line>
          </reporter-output>
        </test-method> <!-- closeBrowser -->
      </class> <!-- amazonTest.TestClass -->
    </test> <!-- Default test -->
  </suite> <!-- Default suite -->
</testng-results>
